	.cpu cortex-m3
	.eabi_attribute 20, 1
	.eabi_attribute 21, 1
	.eabi_attribute 23, 3
	.eabi_attribute 24, 1
	.eabi_attribute 25, 1
	.eabi_attribute 26, 1
	.eabi_attribute 30, 4
	.eabi_attribute 34, 1
	.eabi_attribute 18, 4
	.file	"main.cpp"
	.section	.gnu.lto_.profile.8cca9ded,"",%progbits
	.ascii	"x\234ce`d`a`\000\222N\242\000\001\017\000c"
	.text
	.section	.gnu.lto_.icf.8cca9ded,"",%progbits
	.ascii	"x\234ce`d\340`@\000F\206\031s\177\177\347a\000\000\016"
	.ascii	"\330\003C"
	.text
	.section	.gnu.lto_.jmpfuncs.8cca9ded,"",%progbits
	.ascii	"x\234ce`d\250g@\000F\020\301\012\244Y\030\2461\316g"
	.ascii	"\0062\24633Nk=t\236\275\217y>3##\003\343rF\031lj\266"
	.ascii	"\266\237\331\310\005Q\303\310\270\002\254\206\015\254"
	.ascii	"\004$y\364\377\367\003\374 I&F&\306\225 I\220\350\342"
	.ascii	"W;\017\263BDy\031W\201\265\000\000\375\030\031\226"
	.text
	.section	.gnu.lto_.inline.8cca9ded,"",%progbits
	.ascii	"x\234ce`d0c@\000F\006\016\361cJ\214\014LB\027z\030\031"
	.ascii	"X\030\230\300\202\\\214\014\014\314<\214 \0362\233\205"
	.ascii	"\027\310\004)\000\000\211t\003\015"
	.text
	.section	.gnu.lto_.pureconst.8cca9ded,"",%progbits
	.ascii	"x\234ce`d`f`\000\222\246\000\000\230\000@"
	.text
	.section	.gnu.lto_main.8cca9ded,"",%progbits
	.ascii	"x\234\245\224\313O\023Q\030\305\2773w\372\204R\320m"
	.ascii	"\023\331\260\350Fv\356\375\007\\\2735\352\302D\215\177"
	.ascii	"\201\035By\010\011\022\303\303\2428MH\000\251\274D\254"
	.ascii	"m\005\006\020\344\251AB\214AC\202\211\021Q\014\212\021"
	.ascii	"\023\244\336on\241\240\004c\234\244\267\3675\347w\316"
	.ascii	"7w\306A\240\243\016\"?\021\235\220?8\010Z\3553\242\022"
	.ascii	"\267\006\241:\002\272\352\350j\346$(\244\011\035\262"
	.ascii	"!u]\027\215\002s\341\236\333\242F\230\202\240\313\341"
	.ascii	"\372l\323\333<\036\002\205r\270P\327\025\313\015\266"
	.ascii	"\031\362\262\032k\274\221vK7\205F\021\271\273\035\001"
	.ascii	"\264!\300\364\273\010\222\334\334\224\332\230r()\267"
	.ascii	"\034\306\327bq\237\222\262xy\341\365\300\206.r\301\375"
	.ascii	"\241\317\355\035(j1,\251;~C\224\030V\270\320\024\002"
	.ascii	"\367 X;&\265;lm\342\335\313\275\333\365>\247\216N\024"
	.ascii	"1Z\022\273\340\204\374\343\231\356\027\260\214\355t"
	.ascii	"\205a\015\006\223\247\012\004\231B\327\271qr\343\342"
	.ascii	"\306\303\215\227\033\242*y?\250Z\206\200X\301Hr\345"
	.ascii	"\326iVk\026\\\214\206\262\221\347.\266\354\260].v\317"
	.ascii	"\256\272\325\320\210V\032\\\237\345\211*\237\211\346"
	.ascii	"\022Y\020i\330\211\036\351\264\233\235\312\265\341\232"
	.ascii	"\367\255\276\342N#\014S\270\320\013\0237\355R\343>\212"
	.ascii	"i\005\245\233\345P(]\321R_\267\2465\226w#\037}RD\372"
	.ascii	"i\230\014\362\236\375\244hR\243\303a\017\262\260~\024"
	.ascii	"K\002\331\331\232k3D\347\336p\036;\334\267\272W\363"
	.ascii	"PC#\032\266\303}Y\212]\363f\323y\021\227\300\207\031"
	.ascii	"\340\247wMorv\201\217l \030\230P\351\266v\322\271\024"
	.ascii	"\256e\251>b\237$\035\351\364\320\246\037\311\235\204"
	.ascii	"\3072\011\367\342\242\255\034\3610b*K|\314\021]*\342"
	.ascii	"\235\235\210\236\177\0130\220\225\033\374\355\361x\225"
	.ascii	"\330\374Z\327\274\246\002\310S\012\014\375\237\177+"
	.ascii	"\013\034f\377^ZEy\264eN\260\032oO$>.\272B?\015\267)"
	.ascii	"r\"\274\021#\010\361Bez\361\245O.\250P\271|\350\355"
	.ascii	"{0\212\220\\\036K\177\267\374\354S\203\206'\010p\355"
	.ascii	"?$F\035j\312\2071\004L\341\223\334j!H~\011\304*\312"
	.ascii	"\242\335?\264\003\270y\021\371^\020\306\377\340F\257"
	.ascii	"\356\003?\265\301\375\0253\275^\246\370\001L0%_f*\215"
	.ascii	"\366\255\343\000\355\202\210\340WoRj\233\342\010\261"
	.ascii	"\211\370\360A\3413&\246\376fb\3326\261{\252\375 \314"
	.ascii	"dM\244\01631\2331\301\237\003\235k\202*\373\311\020"
	.ascii	"y.\235\271p\371\370\331+WH\\<\177\356\027\337'\246\346"
	.text
	.section	.gnu.lto_.symbol_nodes.8cca9ded,"",%progbits
	.ascii	"x\234ce`d(f\000\002&\373z\006\206\011\347\030\030\200"
	.ascii	"\324\256\206\205\214\014\014\214\207\030\352\031\301"
	.ascii	"B\014\014\015\015\016@\201\203\014\365L(\002\007\030"
	.ascii	"\352\231\221\005\230\201\360H\333\033yf\006&\206'mO"
	.ascii	"v\0252\003\215oi\0073\230\030\226\264CE\216\200\030"
	.ascii	"\014\000\237* *"
	.text
	.section	.gnu.lto_.refs.8cca9ded,"",%progbits
	.ascii	"x\234ce`\004B \000\000\000B\000\010"
	.text
	.section	.gnu.lto_.decls.8cca9ded,"",%progbits
	.ascii	"x\234\215VkPTG\026\276\347\366\005\206\313\000.\272"
	.ascii	"[\244\226\037\226\313\256S\225\022\004\254\324Vj\177"
	.ascii	"DFW\335M\031wt\267R)*S\200c\234Zy\024\014y\354\237\275"
	.ascii	"\362\220\221\025\005de!\211;\0021(\210\206]D\324\350"
	.ascii	"\300$\202\370\010\220\025T\302\303\007D\215<\304\027"
	.ascii	"b\"{\272{\206{\031f\037\267\346\353\356\323\375\365"
	.ascii	"\351\257\273Ow\217\237\000\302\242`A\270\004\202\360"
	.ascii	"\205 \0103\370\211\230\037A\020D\003\242\011\261A\340"
	.ascii	"\237\2048\213p!:\020]\302\374\357\317\350k!\346a\210"
	.ascii	"E\356\276\324\317R\3043\304(\342\033\304uD(ru\210\005"
	.ascii	"\2106\264;\021?\002>\346y\352\003\313\255\230SM\223"
	.ascii	"\210\000P5t\2715\270|h(#\360\340R\305\255\220\335\004"
	.ascii	"\026\311\260\030\315\256\334c\037\0214\303d\220\320"
	.ascii	"\034\250i/\222\211\010\224\351\272<sB&\376\254|\376"
	.ascii	"\256}w\000\011b\345\212\366\252|}T\235\302?\235A\365"
	.ascii	"\335p\340\3715 ?\345\254S\217:\374\270c\035\232Mc\265"
	.ascii	"M\301|X'6KM\366\306I\021\014\221\013#\017*\016Eq\316"
	.ascii	"TE(\016'@\003,\204#@\240\016\242\250S\250\005\\\357"
	.ascii	"J\034g\273s\177xy\2663\227\300\006\031\016#\2032?\205"
	.ascii	"\010\250\201\010\001\242#\220\033\203\211PLE\0259\225"
	.ascii	"\327$\001\216bs=m>\006\006\306G\257\254\374\031D\302"
	.ascii	"? \022\373l\022=\356\037\025\377L\251\016\247\336\017"
	.ascii	"\371\364\216\026\025\204\0158\035\373\336\226\257\375"
	.ascii	"\211\201\316T\312\273\355JD&\375\005\032*\024\0354A"
	.ascii	"\240P\241\330\025e\001+\346+J\2662\221]\204\233\011"
	.ascii	"q\021\260\034\035\236@\015\264I\200F\354v\034=\037\244"
	.ascii	"\262\035\212C'\320\006\370'\2356\377\250\215#N\367\017"
	.ascii	"l\036\200o\000\367\006D\336\000<\005\006f\316x>\000"
	.ascii	"V/P.M9\221S==f)\334\024\335.\331\317\235\203\306\243"
	.ascii	"\340\251r\273b\335=\256\271 \301\323\033P\246G\226\312"
	.ascii	"\206\271\022\347\266{\364i\303\025f\203\266\374\342"
	.ascii	"\210<\010\375\264\203\3435`u\345\027/\354%d\031\013"
	.ascii	"\266/g\236:Cy\260\211hvO\\\3748\210\007\333\0024\247"
	.ascii	"\266_i\221\303\367\261p\315Q\026\210t\217?\307u?Mw\024"
	.ascii	"\316@8\246I\022\037\351\360\276\036\207\270\0047\342"
	.ascii	"\206\342\354\035\371q\271\342\314\306^\"e\301\251\331"
	.ascii	"\270\244ELO\302 @3\014\240\354\263\260\004{;\034#\366"
	.ascii	"`\362+\246\351I\325`\215LV\263\362<\005\177\370\211"
	.ascii	"FA\353\034\005gg\016\224\006\243\202!<\025\373\367\221"
	.ascii	"\242E\264\035Z\324\261\235\356\330\000\027\033\363\340"
	.ascii	"\331=\345\201\3447l\234\354\251\312\323:\362&+\037\356"
	.ascii	"-\254\013\225D\036@\324;\326\325\367\267\375N_@\343"
	.ascii	"\261(G\011\\;'\312\005h\003\275{\275\247\366f\337\223"
	.ascii	"Y_\254\203s\300:W\224]n\016y\251\354?L\342<\274\204"
	.ascii	"i;R\251W\312\357n\237\370\016\334\023\231q\375\2748"
	.ascii	"\307a\240,\370\222\037/:\203/<S\351`S\031v\275\370D"
	.ascii	"&\011L\376x^s\245?\261\262r}\335\363c\\\016\356\034"
	.ascii	"\237\311\215O\207\263<5\227\270\276\027\015\325\216"
	.ascii	"\200Y\321\227y\345\256\037N\177\246\323\212\246m\252"
	.ascii	"\352N\246\372+\215\352\342\035;\206\364n\325\365\245"
	.ascii	"\244\250\024\0174\262\340\242\252\372\202Gu\027S\355"
	.ascii	"\271Q\303\370\215Z\326|s\"\204\274\313\204\367\267\037"
	.ascii	"\252\245\267\353R\031h\310\207b\325\321\373\315\317"
	.ascii	"\202y\025[\244=\223\325\001\344O\264,\226w\364\266J"
	.ascii	"`\220\331]\340\034\257\371\305\337&\025e1\\\005\031"
	.ascii	"z\324\355_*cj\237\335CA\275\246z\361V\241\255p\005k"
	.ascii	"\376\2055\350\377Pu1.c\033\260\001\316\235\351\273*"
	.ascii	"\201l\360\331\273\317\2737\227\321vr\311\271<z\002\256"
	.ascii	"\243\214k\252\014T\305c\305^\267\333Ed;]\336\377\351"
	.ascii	"\222\256\257\353\361\303 \222\317\237\230\261\334\341"
	.ascii	"\241 \276t\341h^\332Y\362W\221\354\342m\017:]\005\201"
	.ascii	"\244\224\033\236\023\035\306OtA\313\265\035\201\344"
	.ascii	"#\336v\340N\363\336PR\305\215\323}\215\321\244\216\227"
	.ascii	"\0175\027\336\360#\215\334\270\325\224\373D\"\315\334"
	.ascii	"\350<94\034B\316p\243\250\240\377h\000i\341\306\343"
	.ascii	"\272\272\376 \362\0257>|\330\1777\220\217j@sO\347\337"
	.ascii	"\373t\3567\014\257\231\340s\327\033\246\375\000\237"
	.ascii	"\260\310H\203\033\225Jn\216\342\034\354[1\336}\333\256"
	.ascii	"\224\350\361\302\226\361\332\"0\252}O\272\301\353\271"
	.ascii	"R\330s\365\035\266\337\243\355\017p\335F\335\317\325"
	.ascii	"c,O\340s\365\0041\216x\212\230B<DL\"\306\020\367\021"
	.ascii	"\217\350s&\320\307\214*\270\231\306\337J:\374\240\367"
	.ascii	"\360\003\240\276g\234>\235\252\322\207\275\351\365\252"
	.ascii	"Z\316\276\247a\177\353\315V_b\036?\227\247\374\361O"
	.ascii	"\002\343\334\325\274\353w\370\273N\335\015\214\207\225"
	.ascii	"T)\355\313\231\277!\337b5\243wk\246v\323\233}c\336\324"
	.ascii	"&5\364\257}o\004\247\363\377!#c\"\373\037\2024\301#"
	.ascii	"v\326\327\2231\215\322\021\2373\327\016\335\252\031"
	.ascii	"\372\266\357U\325\322;4\364[\276'\306\226\001#q\177"
	.ascii	"\355\364\367A\332\213|t\316E\376\214_\3444G\362\221"
	.ascii	"\251\301\343~\244\224\260\220n\350\2519\245#\345\334"
	.ascii	"(,mm\225\310\307\334\310u]i\324\223Jn\014_8\232\255"
	.ascii	"#\007\2711R\273\353~\0109\314\215\332\222\256O\010\251"
	.ascii	"\347F\336\235\212\234\000\322\300\215[O\277m\012%-\334"
	.ascii	"8\361\371h,?9\021h\235\354\177\340t?\310CPF\344\374"
	.ascii	"\273\307\257\002\340yYh\240\247\306}l\356\275\255.\300"
	.ascii	"\013\\\000\273\370\337\242\360\272\206\255\210^\354"
	.ascii	"h/\362M\015y\306\333\265f\343\264\3071W\214\200\034"
	.ascii	"\021\333w\212\006\326\201\036\307\002,\357\020#!\037"
	.ascii	"\221\207\370\013b7\242\020\261K\344G\220\007~\317 \013"
	.ascii	"|\3321[T\003\177\273H<\261\3263\300c\015)>bm@\023k?"
	.ascii	"\370^\2159\321cVg8\355M\237w\210Z5\354\347\336\354\371"
	.ascii	"\207hZ\263|\337\373\246{B\363i_\365\276\000mhj\271\002"
	.ascii	"\354\021yhb\216\344\373;kJ%-\231\276\264*\271\310M."
	.ascii	"b\344\346\321\343\205s\310\347\347\220\213\335\344b"
	.ascii	"F\036\234\352\035\320k\311\364O\224J.q\223iNR\263R\244"
	.ascii	"\364\264\014\233\024\227nM\225\327\254\377\375b\343"
	.ascii	"\313/\307\254\020\010\232:D\324\326\364tAJJK\333&\245"
	.ascii	"$ZS\003i\022\225\214u:\363[+\336K\264\332\336\225h\032"
	.ascii	"l~k=\365\020\227i\261\255N\"\230\352\3355\306\230\325"
	.ascii	"V\253\336lNNKI7'\333\3222\026\023\343F\223l6gYSmq\261"
	.ascii	"f\333\312\344W\0232?\310|'99!1#e\231%1\311\252\026\260"
	.ascii	"a\23155y[\326fKBJb\362Vk\252%\301\274\331\262%1k\233"
	.ascii	"\315l\373 \335\222\031\265U\320y\\\275\362\377\272\302"
	.ascii	"r\2029\323\266\031\373a\177)~\225\321\024\260rC|\314"
	.ascii	"\352\365,\217\305\334\177\345\332x\314t\264\332\264"
	.ascii	"q\023+\304\322\0021\2563I\306_\2571\211FSpL\214\311"
	.ascii	"h4oB!\253,[\2024\345_\032_\215\266Y\227e\246m\261\275"
	.ascii	"\227\230a\211NJI\267\3751\332\226\230\361\216\305\226"
	.ascii	"\031\235\214"
	.ascii	"+ny?:\323\226\022\027\313\323-1\313\343\336\177\205"
	.ascii	"\212y\335\370[\023\2117\231\244\370\215&\023yc\225\211"
	.ascii	"\254C\030Mk\021\257\207\304\304\256\331\260\356\015"
	.ascii	"\317(z\255\361o\221\2213\370"
	.text
	.section	.gnu.lto_.symtab.8cca9ded,"",%progbits
	.ascii	"main\000"
	.ascii	"\000"
	.ascii	"\000"
	.ascii	"\000"
	.ascii	"\000\000\000\000\000\000\000\000"
	.ascii	"\277\000\000\000"
	.ascii	"_Z4waitv\000"
	.ascii	"\000"
	.ascii	"\002"
	.ascii	"\000"
	.ascii	"\000\000\000\000\000\000\000\000"
	.ascii	"\303\000\000\000"
	.ascii	"_ZN3pin3setEb\000"
	.ascii	"\000"
	.ascii	"\002"
	.ascii	"\000"
	.ascii	"\000\000\000\000\000\000\000\000"
	.ascii	"\312\000\000\000"
	.ascii	"_ZN3pinC1Eii\000"
	.ascii	"\000"
	.ascii	"\002"
	.ascii	"\000"
	.ascii	"\000\000\000\000\000\000\000\000"
	.ascii	"\321\000\000\000"
	.text
	.section	.gnu.lto_.opts,"",%progbits
	.ascii	"'-fmath-errno' '-fsigned-zeros' '-ftrapping-math' '"
	.ascii	"-fno-trapv' '-fno-openmp' '-fno-openacc' '-mcpu=cor"
	.ascii	"tex-m3' '-mthumb' '-march=armv7-m' '-mfloat-abi=sof"
	.ascii	"t' '-Os' '-Werror' '-fomit-frame-pointer' '-fdata-s"
	.ascii	"ections' '-ffunction-sections' '-fno-exceptions' '-"
	.ascii	"flto'\000"
	.text
	.comm	__gnu_lto_v1,1,1
	.comm	__gnu_lto_slim,1,1
	.ident	"GCC: (GNU) 6.2.0"
