	.cpu cortex-m3
	.eabi_attribute 20, 1
	.eabi_attribute 21, 1
	.eabi_attribute 23, 3
	.eabi_attribute 24, 1
	.eabi_attribute 25, 1
	.eabi_attribute 26, 1
	.eabi_attribute 30, 4
	.eabi_attribute 34, 1
	.eabi_attribute 18, 4
	.file	"pin.cpp"
	.section	.gnu.lto_.profile.8ccac3ee,"",%progbits
	.ascii	"x\234ce`d`a`\000\222\374\274\000\000\241\000("
	.text
	.section	.gnu.lto_.icf.8ccac3ee,"",%progbits
	.ascii	"x\234ce`d\020a@\000f\206\211}}38\230z\227\276]\314\310"
	.ascii	"\274l\357\335Vv\006\000S\033\007\377"
	.text
	.section	.gnu.lto_.jmpfuncs.8ccac3ee,"",%progbits
	.ascii	"x\234ce`d\020b@\000&\006fFFF\366\372\372z&&FF\346\372"
	.ascii	"z\006\000\025l\002\254"
	.text
	.section	.gnu.lto_.inline.8ccac3ee,"",%progbits
	.ascii	"x\234ce`d\250d@\000&\006\006V\026F\006&\246\013\374"
	.ascii	"\014\034\037\364\230 b<\334\214\254\214\034\331\323"
	.ascii	"\231\031\247\265\036:\317\336\307<\237\031\250\217q"
	.ascii	"9\243\014\003#G\026\230fP`d`\206\220\012\214\034\214"
	.ascii	"\014\014\034,\013\344\031\330\026\310310\276`\027\200"
	.ascii	"\220 B\201\211\201y\207\270\002\003P\332\001D$\000m"
	.ascii	"\020``\000\000U`\021\351"
	.text
	.section	.gnu.lto_.pureconst.8ccac3ee,"",%progbits
	.ascii	"x\234ce`d`g```f\220b\224`\222\002\000\001\265\000`"
	.text
	.section	.gnu.lto__ZN3pinC2Eii.8ccac3ee,"",%progbits
	.ascii	"x\234\225\220\317KTQ\024\307\317\367\235;o\306_\345"
	.ascii	"F\020\022q\021\014nr\353\306\277&\220f\241\016\251k"
	.ascii	"\257\203\221\243P\223R:\352\360\332\204\343\257\374"
	.ascii	"\225\243.\204\207\202?\"\015\205\026\201E8\020\010\212"
	.ascii	"\250\213 D=\347i`\342\306\007\227{\357;\337\317\371"
	.ascii	"\236\373\015\021\250\336!*'\242G\262\300\004'\265E\324"
	.ascii	"\036q\000=\330\010\250\315A\033^s\037c\273cj\210_\261"
	.ascii	"'2#\327\343\315\201\374\003\275\002Ur\035\264;\311p"
	.ascii	"\365\260\265\011\353\367\215W\246\263\276\361\330\241"
	.ascii	"\264\250\263\250\3000*\324b\004\325\242=\375v\224/\340"
	.ascii	"\"\220\234\277{\253I7\372\301\246\204;\350\345\304c"
	.ascii	"\217\031\243\340\233\240\374\"\214!*\362\225\255\213"
	.ascii	"\205B.\015\320\331d~\365\241\240\362\371go\330\012j"
	.ascii	"0~\0335\204\211\000\375\231]O\025rY\200\376\235\337"
	.ascii	"<\371\207~\351\275F?\336\201N\"\252\372\275\351\363"
	.ascii	"\267%\256\321\347\310+\246\340B\366\311\035\370\366"
	.ascii	"\374\342\245\2653\225\032\231Lh\240f.\002\216\272D\255"
	.ascii	"9vK\020\262\363>\226w7\352\024\227\226\357^,\177\015"
	.ascii	"k~\241`\242?k\237;\213=d\332e\244*\217\335\014;\230"
	.ascii	"\326\3200\003\017\"H\377\362{B\2659\333\011\251\022"
	.ascii	"fQK\373H\014l4\335\030O[\013\361\351\177\003\347.\203"
	.ascii	"\260\032\314\251\201\324~,\345s\\3a\257J\0069\261\354"
	.ascii	"\327\247\022\346Q\223\221 \324\252\340\272\361}:-\004"
	.ascii	"\2354-,j'\227\016\221x\377\233uR\341\324\242K\312\222"
	.ascii	"\216\234#\361X\343\223\247\3618\231\226g\261f\023oz"
	.ascii	"\336\302\215\255\015\227\275\202\307n"
	.text
	.section	.gnu.lto__ZN3pin3setEb.8ccac3ee,"",%progbits
	.ascii	"x\234\225R\315KTQ\024?\277w\337\327|(n\332\015\341n"
	.ascii	"\260\242Ij\323\177\320_Pm#\202\204\210\201>\266\336"
	.ascii	"Q\233)\205\222\240Q\243\341\011\022\332\207\215V\232"
	.ascii	"c\032\303(\225aE\242DH\213R\2221\253iB\242E\3269\357"
	.ascii	"\315Bh\325\203w\337\271\347\236\363\3738\367Y\004:\242"
	.ascii	"\210v\020\321\001~a\021\214\356WD)\3270\314\251\235"
	.ascii	"\244\303j1A:\252`\006i\023\220@\273\240VC\231h\305\025"
	.ascii	"\325\243P\312|*\030M\203\232\237b\317\327z=T\204\307"
	.ascii	"\270}\374\312\203A4q\325\233\216\221\033\352\262\362"
	.ascii	"\024`\362\366\373\313\353+\365\2625\320\310\333\037"
	.ascii	"K\337VB*\002\342\370\235\367\364\222\035\277\251\273"
	.ascii	"\333t\361y\3128\344)\205\333P\214\207[\210a\0101\342"
	.ascii	"\024\341\016\342\\\2756\225Y\204j\360;\323\245\315J"
	.ascii	"\204;5wnT\015\035\365X\345\335\240u\177\014\373\244"
	.ascii	"\321$\014#.\325\037G\267\256\325\331f \024\367`\203"
	.ascii	"\277\371\005\024\365\326\237\214.\256\016`\314\254\003"
	.ascii	"\267X\254\231\311L\011-^l[\"G\026\027\202\026\2220,"
	.ascii	"K\204\027\207\250\223!eT]\312\220\257*\243m\262\334"
	.ascii	"{THrJ\354g/\224^;b\337\365\205\377|\366\342b\324C.\305"
	.ascii	"3l\364T(\307\226\363\354S\316\336O\257\214\253\304\260"
	.ascii	"\016\216,\214\300C\257?[\214\"A\014\375d\356`\200lm"
	.ascii	"G\016\373\310\205\302\306\262\323\372[\273\234\030\220"
	.ascii	".\316\255\317/\315\206\231\215\257)\202\007|\215\367"
	.ascii	"kT\353\323\323\037Ts\276Fe\343!S\261^\237k\014\315\344"
	.ascii	"\333\350;\034\220\331\377\251{\334\327-3\306#_w\373"
	.ascii	"D\372\227\025`9\001\334Be>\027\021\355\026\0320\301"
	.ascii	"8\253\350X\236\231\255\025\271\333\335\231 \024\204"
	.ascii	"\211d\332\212\026\023\252\213\225\006\303n\317\246\313"
	.ascii	"N\320\304\222\330\202#t\225\364\234\012\222a\354\216"
	.ascii	"\361\221\370\251f\020\344\"\234\346D)[\356\275\352\247"
	.ascii	"\266\263\331\377\334R\177U\376\214(\317\034\2235\303"
	.ascii	"o\253\325\231(\033\356H\211\341:<\366\015\033bx\012"
	.ascii	"\011f\240/h\353\377\354\012\270\310\336\004\260+fL\246"
	.ascii	"\367\210W.\354\344\351\260\001\356p\223-\247\367\036"
	.ascii	"O&\311<{\262\345\214u\376\330\251s'\376\002W/\020\325"
	.text
	.section	.gnu.lto_port_registers.8ccac3ee,"",%progbits
	.ascii	"x\234ce`d\230\317\300\000$!`:3\343\344\316\267\215\234"
	.ascii	"}\314\363\231\031\030\033V\2644\260\000\205\016}\332"
	.ascii	"\260\234\007$\304\310\310\014\344~\235r\3632#T\305\002"
	.ascii	"\210\212\243\377\277\037\340\207\250`\002ro_|\270\032"
	.ascii	"f\306\014\210\212g\307\256w\262B\205&@\204V\364~\350"
	.ascii	"\342\266\330\326\320\321\320\3400\237\231\211Q_\206"
	.ascii	"q\015\243\014\243\201\014\343j \265\012\210W\002\361"
	.ascii	"\012 ^\316(\303\300\270\226\321\202\001\0009Z40"
	.text
	.section	.gnu.lto_.symbol_nodes.8ccac3ee,"",%progbits
	.ascii	"x\234ce`dp`\000\002\246\203\014\365\014\014\023\316"
	.ascii	"1\200\250]\015\216@\221C\014\365\2140\221Y\015.@\221"
	.ascii	"\303\014\365L(jX\355\031\032\225@\332\001\025\313\016"
	.ascii	"\345"
	.text
	.section	.gnu.lto_.refs.8ccac3ee,"",%progbits
	.ascii	"x\234ce`d\340f```dd\006\022L\014\314L\014\000\001u\000"
	.ascii	"\037"
	.text
	.section	.gnu.lto_.decls.8ccac3ee,"",%progbits
	.ascii	"x\234\215UyL\224G\024\237\267\263\312\362\271\034A\323"
	.ascii	"`B\023bi%1\212\2001\215\177Y\321\250\255QJ\255\1774"
	.ascii	"\264\033XW\335V\216\260K\252I\377\030\001#\365\0045"
	.ascii	"*(-\"\"\002*\332\312\341\271\202 \"\340Uo9<\300\003"
	.ascii	"\274\360\0005\225\276\231\371\276\335\005\261\355d\337"
	.ascii	"\267\363\336\373\2757o\336\233y3\204\000\261*\204\254"
	.ascii	"\004B\002\220\372p\350\011!{\220\220%ED\016\212t\022"
	.ascii	"\351\024R\243\252{A\372\217_Qh\300\177?\244\021H\307"
	.ascii	"\221^\"E\"\275F\352A:\204\244C\252D:\254\3729I\336\037"
	.ascii	"[Q\341\215\377\363\334\374\275T\343\341\376\272\221"
	.ascii	"F\253kp\237o\220\236#u\"5\253\361jk<S\327\371P\334\017"
	.ascii	"@\342\273\325\265\236\017\022\21766SH\337p\342\342P"
	.ascii	"\252\003\234\353\227\337\255\216\201\000\340?\317\340"
	.ascii	"lf\200\"\360$\331,\2351_1]\301X\012{\232\222\341\013"
	.ascii	"\004\302\003`|\000\201b\010\026*\002\205h\266\033\002"
	.ascii	"H\001\303\221\313r\015\204+`\027Pm5\316\343\212o\232"
	.ascii	"[\346\267\300M\3005A'\025 \277 H\260}\332\000\020r\302"
	.ascii	"\261 w\254\212\234\177\304\011\221\254Nu)~\352?\270"
	.ascii	"y$\232Hu%\3145\3272 \242Y\003\206\251\205\345BC\377"
	.ascii	"\020\373\353\265\370\334\023\015Z\272\237e5t(\255\320"
	.ascii	"\314\015r'\203\220\225\254o\310\365\240\036 \364\215"
	.ascii	"\331w\274\327R\030\241@ \262\347\323J\267Qd\375\024"
	.ascii	"\320#\333RX\227\241\320\021\002Y\335\324W\241P\1771"
	.ascii	"?\375 }\255\007\375X\314\263\353v\2540\216+ar\030\276"
	.ascii	"t\225\372\300\366\267\327\200\216\225\250\303/\352\207"
	.ascii	"H\307\006d\313\037\027\227{\311e\035\374$\224\247\037"
	.ascii	"\354\326Ap\320\360\240\002\254%s\234-\010`\271\016\200"
	.ascii	"C0\034\016\002\205?a\234\330\326\037\274\272y\270\316"
	.ascii	"2\307o\376Y)\2164\012\221\012\034@\004G\356\303#Q\212"
	.ascii	"G\002B\002\020\033\212\037\222\311\203\312p\260\311"
	.ascii	"z\002\345\250.\343\352\012<D\034\217^\305\274\022\202"
	.ascii	"\3400\004\241\315\\\235\346\376E\346',\337\237{\337"
	.ascii	"?\250w\344\344.\233\332\033*\201N\022\273\334[\362\266"
	.ascii	"T\321\243\017n\027\253\347\242[\273\332\2235\311Q\020"
	.ascii	"\242\275\315\247\2766\256\344g;#\225y\316\350\347\234"
	.ascii	"\300q0\252\371{w ?\327C\330\242\014\216I\343\232\276"
	.ascii	"\036\207\217L\244\016\331\013O\033r\206\311D\372\"\273"
	.ascii	"\372\357#\373\015#7\213R\2442_\235\260\254B\337'\204"
	.ascii	"\357j\030\211_\007z\342\213\212\372\3474\267\352F\341"
	.ascii	"\365ic\216\276-\376\231\251\254\220e\260@\216\204#r"
	.ascii	"\343<\357{y\336a\017\264\002\224@\013\036\266\2230\012"
	.ascii	"\255\333\253\337\355Th\244\330\373\223\345\225yC\351"
	.ascii	"\367b~\262\244&C\363Z\007.\217\265.\2175\352=\205S\302"
	.ascii	"S\301\361uY\236\364Ga\235\322\233w\304@\227\210y\321"
	.ascii	"\2255%>\"\007\374r\313\224\366nHy\2508\363R/\363\222"
	.ascii	"\275\271\251\322\333}\347\363>r\333x\203\330\370\031"
	.ascii	"\267\2157\024\\\273\356\243\206xl\023e\033\031\357:"
	.ascii	"\210\203\323\256 \353\006n\273Q\004{l{\331\211\241\364"
	.ascii	"\227e,\220\270\225\300O\226\240\254\343t\255\"+\302"
	.ascii	"\000\371\252\356\322]F\251\246\274\377eu\237\363Q\322"
	.ascii	"\305\261\024\325G\271\253\370\027\000_\023<`p\036YD"
	.ascii	"?NkoS}\373#\273\247\267\265l\010]\005\"5\315u\273\213"
	.ascii	"\371]\035\255\000\357\012>(\332\327U\371\332K\212Dd"
	.ascii	"\353\272\363=h\206\200\353\262\352\257T\351!X\021\375"
	.ascii	"\322\321Z\374\331\226n\206e\271\006\012\\q\3360\264"
	.ascii	"\304o\272\363l\022\327\251\277\212\027\205k\3412J.\311"
	.ascii	"\360v\347gb\315\233\345\002\265\307n\\\325\203\022<"
	.ascii	"\250\365\315\201\3262\214\236#\243j\2273\246\203\033"
	.ascii	"\030\306uW\030\327x\036\304sQ\262\266\232\362t\245\376"
	.ascii	"\267K\336r.\027\0366\320\034\361\274\300\232\215UUz"
	.ascii	"\272]2i\325\227\016\032i\201d\332\317\354K1\320\"\311"
	.ascii	"t\024\257\356\362\246{%S\274\376\374NJ\017Hf\371\375"
	.ascii	"\354T\017Z&\231;=\367\312}h\215d*\216>\012\223e\011"
	.ascii	"@\356P\3633\207z\011\333\260\344\312\212\007eW\001\202"
	.ascii	"\202\202\206\007\007\3437(\217\245\2452\307\225\353"
	.ascii	"\023Z.\334Mg\353\215\330\216\025\270\205\273\355to+"
	.ascii	"e\340\354Z\322\340\372\017\262\303q\364\235\201\350"
	.ascii	"\220\001\340\333n\340\333\203\202e\307\222\015\221\211"
	.ascii	"\206x\017\365\035\\\337\205\251\354T\033\342#\234?\300"
	.ascii	"\206\370\020\351>\322c\244gHO\221\236\360&\211C\026"
	.ascii	"\357r\353Pl\370\302\260\335\255G\337\345\227F\266\361"
	.ascii	"\313-:\321\306\021B4\2753\342W-~\353w\260\272\361\""
	.ascii	"\344\266\301\263!c\226\370z\223k\207\177\015\204_\034"
	.ascii	"\230\274*7t\313@\364\331\367\234\277qK_\353\340\360"
	.ascii	"P\265\341\367\334\310\337\344\341\336\277;\373\365\357"
	.ascii	"ng\377~\2735\253H\361\313P\023\036\250\347*8\207@\351"
	.ascii	"\3579\370i7\236\243\267\377^|\336\347\323\035\254\315"
	.ascii	"\301;\261oa\012c\236\034\003M2\267n\226\\\202/\025\274"
	.ascii	"\200O\271aEW\205Q\213'\375C\357\011\274\004\343fJK{"
	.ascii	"\363\035:\300wV\276rg;\0023E\015\324W\264\347\337^Q"
	.ascii	"\326\357\025%\002\314\033%\274\302\243\321\253\036\215"
	.ascii	"\301^\317\367\275:_\317m\2159\257\206y\255r%\263\247"
	.ascii	"_\360\257\301K\004\217\377\374\236\025\324\257\241\356"
	.ascii	"\231\347\351q\201\337\250;\345\377\372\330\204\204\305"
	.ascii	"F\323w\263\303\023\255\361\021a\323\254V\032\237\034"
	.ascii	"\247OLH\262\353\271H\231>\373\333\300\2101cB'\020\212"
	.ascii	"\254\001i\334\242\304Db4\231bcl\026\223\331\236\220"
	.ascii	"\024(\244f!U\035\205\242#\204\230\023\342\022%\304K"
	.ascii	"\325\204\333,\366i\261\024\277\336|\015S\222e\241\325"
	.ascii	"f\267$\331\364\263\"\276\212RL\246dk\274=<\314d\377"
	.ascii	"\302<)\332\266\324\266\320l\216\216I\212\033k\211\211"
	.ascii	"\265\272&\250\030k\2157/N\236o\211\216\2131/\262\306"
	.ascii	"[\242M\363-\013b\222\027\333M\366\245\211\026\333\270"
	.ascii	"E\304\240\271\232\370\177]\341<\332d\263\317G;\264\247"
	.ascii	"S\242\242\364S\276\211\212\242s\246F\321\231H\021Q3"
	.ascii	"\220fy\207\206M\217\2349\3074\027\027\232jY`tg>\217"
	.ascii	"\230\024b\267\216\265%,\260\377\034\223d\011\211\215"
	.ascii	"K\264\377\024b\217IZh\261\333B\314\270e\313\222\020"
	.ascii	"\233=.<L~\027\204\216\017_2\021W\373\007\234\014u\236"
	.text
	.section	.gnu.lto_.symtab.8ccac3ee,"",%progbits
	.ascii	"_ZN3pinC2Eii\000"
	.ascii	"\000"
	.ascii	"\000"
	.ascii	"\000"
	.ascii	"\000\000\000\000\000\000\000\000"
	.ascii	"\304\000\000\000"
	.ascii	"_ZN3pinC1Eii\000"
	.ascii	"\000"
	.ascii	"\000"
	.ascii	"\000"
	.ascii	"\000\000\000\000\000\000\000\000"
	.ascii	"\307\000\000\000"
	.ascii	"_ZN3pin3setEb\000"
	.ascii	"\000"
	.ascii	"\000"
	.ascii	"\000"
	.ascii	"\000\000\000\000\000\000\000\000"
	.ascii	"\315\000\000\000"
	.ascii	"port_registers\000"
	.ascii	"\000"
	.ascii	"\000"
	.ascii	"\000"
	.ascii	"\000\000\000\000\000\000\000\000"
	.ascii	"\364\000\000\000"
	.text
	.section	.gnu.lto_.opts,"",%progbits
	.ascii	"'-fmath-errno' '-fsigned-zeros' '-ftrapping-math' '"
	.ascii	"-fno-trapv' '-fno-openmp' '-fno-openacc' '-mcpu=cor"
	.ascii	"tex-m3' '-mthumb' '-march=armv7-m' '-mfloat-abi=sof"
	.ascii	"t' '-Os' '-Werror' '-fomit-frame-pointer' '-fdata-s"
	.ascii	"ections' '-ffunction-sections' '-fno-exceptions' '-"
	.ascii	"flto'\000"
	.text
	.comm	__gnu_lto_v1,1,1
	.comm	__gnu_lto_slim,1,1
	.ident	"GCC: (GNU) 6.2.0"
