	.cpu cortex-m3
	.eabi_attribute 20, 1
	.eabi_attribute 21, 1
	.eabi_attribute 23, 3
	.eabi_attribute 24, 1
	.eabi_attribute 25, 1
	.eabi_attribute 26, 1
	.eabi_attribute 30, 4
	.eabi_attribute 34, 1
	.eabi_attribute 18, 4
	.file	"main.cpp"
	.section	.text.startup.main,"ax",%progbits
	.align	1
	.global	main
	.syntax unified
	.thumb
	.thumb_func
	.fpu softvfp
	.type	main, %function
main:
	@ Volatile: function does not return.
	@ args = 0, pretend = 0, frame = 8
	@ frame_needed = 0, uses_anonymous_args = 0
	push	{r0, r1, r2, lr}
	movs	r2, #13
	movs	r1, #2
	mov	r0, sp
	bl	_ZN3pinC1Eii
.L2:
	mov	r0, sp
	movs	r1, #1
	bl	_ZN3pin3setEb
	bl	_Z4waitv
	movs	r1, #0
	mov	r0, sp
	bl	_ZN3pin3setEb
	bl	_Z4waitv
	b	.L2
	.size	main, .-main
	.ident	"GCC: (GNU) 6.2.0"
