	.cpu cortex-m3
	.eabi_attribute 20, 1
	.eabi_attribute 21, 1
	.eabi_attribute 23, 3
	.eabi_attribute 24, 1
	.eabi_attribute 25, 1
	.eabi_attribute 26, 1
	.eabi_attribute 30, 4
	.eabi_attribute 34, 1
	.eabi_attribute 18, 4
	.file	"pin.cpp"
	.section	.text._ZN3pinC2Eii,"ax",%progbits
	.align	1
	.global	_ZN3pinC2Eii
	.syntax unified
	.thumb
	.thumb_func
	.fpu softvfp
	.type	_ZN3pinC2Eii, %function
_ZN3pinC2Eii:
	@ args = 0, pretend = 0, frame = 0
	@ frame_needed = 0, uses_anonymous_args = 0
	@ link register save eliminated.
	stm	r0, {r1, r2}
	bx	lr
	.size	_ZN3pinC2Eii, .-_ZN3pinC2Eii
	.global	_ZN3pinC1Eii
	.thumb_set _ZN3pinC1Eii,_ZN3pinC2Eii
	.section	.text._ZN3pin3setEb,"ax",%progbits
	.align	1
	.global	_ZN3pin3setEb
	.syntax unified
	.thumb
	.thumb_func
	.fpu softvfp
	.type	_ZN3pin3setEb, %function
_ZN3pin3setEb:
	@ args = 0, pretend = 0, frame = 0
	@ frame_needed = 0, uses_anonymous_args = 0
	ldr	r2, [r0]
	ldr	r3, .L5
	push	{r4, lr}
	ldr	r4, [r3, r2, lsl #2]
	ldr	r3, [r0, #4]
	rsbs	r2, r3, #0
	and	r2, r2, #15
	and	r3, r3, #15
	it	pl
	rsbpl	r3, r2, #0
	cmp	r1, #0
	ite	ne
	movne	r2, #0
	moveq	r2, #16
	add	r2, r2, r3
	movs	r3, #1
	lsls	r3, r3, r2
	str	r3, [r4, #16]
	pop	{r4, pc}
.L6:
	.align	2
.L5:
	.word	.LANCHOR0
	.size	_ZN3pin3setEb, .-_ZN3pin3setEb
	.global	port_registers
	.section	.data.port_registers,"aw",%progbits
	.align	2
	.set	.LANCHOR0,. + 0
	.type	port_registers, %object
	.size	port_registers, 16
port_registers:
	.word	1073809408
	.word	1073810432
	.word	1073811456
	.word	1073812480
	.ident	"GCC: (GNU) 6.2.0"
