	.cpu cortex-m3
	.eabi_attribute 20, 1
	.eabi_attribute 21, 1
	.eabi_attribute 23, 3
	.eabi_attribute 24, 1
	.eabi_attribute 25, 1
	.eabi_attribute 26, 1
	.eabi_attribute 30, 4
	.eabi_attribute 34, 1
	.eabi_attribute 18, 4
	.file	"main.cpp"
	.section	.text.startup.main,"ax",%progbits
	.align	1
	.global	main
	.syntax unified
	.thumb
	.thumb_func
	.fpu softvfp
	.type	main, %function
main:
	@ Volatile: function does not return.
	@ args = 0, pretend = 0, frame = 0
	@ frame_needed = 0, uses_anonymous_args = 0
	ldr	r2, .L3
	push	{r3, lr}
	ldr	r3, [r2, #24]
	orr	r3, r3, #16
	str	r3, [r2, #24]
	ldr	r3, .L3+4
	ldr	r2, [r3, #4]
	bic	r2, r2, #15728640
	str	r2, [r3, #4]
	ldr	r2, [r3, #4]
	orr	r2, r2, #3145728
	str	r2, [r3, #4]
.L2:
	movs	r1, #1
	movs	r0, #77
	bl	_Z7pin_setib
	bl	_Z4waitv
	movs	r1, #0
	movs	r0, #77
	bl	_Z7pin_setib
	bl	_Z4waitv
	b	.L2
.L4:
	.align	2
.L3:
	.word	1073876992
	.word	1073811456
	.size	main, .-main
	.ident	"GCC: (GNU) 6.2.0"
