	.cpu cortex-m3
	.eabi_attribute 20, 1
	.eabi_attribute 21, 1
	.eabi_attribute 23, 3
	.eabi_attribute 24, 1
	.eabi_attribute 25, 1
	.eabi_attribute 26, 1
	.eabi_attribute 30, 4
	.eabi_attribute 34, 1
	.eabi_attribute 18, 4
	.file	"pin_set.cpp"
	.section	.gnu.lto_.profile.8c969500,"",%progbits
	.ascii	"x\234ce`d`a`\000\222\\\234\000\000\223\000\037"
	.text
	.section	.gnu.lto_.icf.8c969500,"",%progbits
	.ascii	"x\234ce`d\340c@\000&\206\003\027\266>\343e\\\266\367"
	.ascii	"n+;\003\0000\205\006\034"
	.text
	.section	.gnu.lto_.jmpfuncs.8c969500,"",%progbits
	.ascii	"x\234ce`d\340d@\000F\006&FF\346\372z\006\000\004\023"
	.ascii	"\001\026"
	.text
	.section	.gnu.lto_.inline.8c969500,"",%progbits
	.ascii	"x\234ce`d\360c@\000F\006\006n.F\026F\216\354\351\314"
	.ascii	"\214\323Z\017\235g\357c\236\317\014\024f\\\316(\303"
	.ascii	"\300\310\221\005\246\031\024\200\352\0309\200\004+\313"
	.ascii	"\002y\006\266\005\362L\014@\206\000\210P\000\021\006"
	.ascii	"@\243\004\030\030\000\020\272\013\326"
	.text
	.section	.gnu.lto_.pureconst.8c969500,"",%progbits
	.ascii	"x\234ce`d`f`\000\222R\000\000}\000%"
	.text
	.section	.gnu.lto__Z7pin_setib.8c969500,"",%progbits
	.ascii	"x\234MS[KTQ\024^\337^\34763\247\013\365\322\303\020"
	.ascii	">\004\203\025MR\257\375\226\210\360!\210\030\350\362"
	.ascii	"\352\231q\232\011\245\214 -i\030\273\241]\314Q\273("
	.ascii	"h\014\243\020\206\025\312\204\204\275\224\222L\031L"
	.ascii	"\206\364\020Zk\315\361\301\015{\357\265\276\263\326"
	.ascii	"\372\326\2676\307&\320\234!\332GD\307e\303&\230\353"
	.ascii	"\357\211\322\2361\326\304~\012\242\\MR\3403\254\020"
	.ascii	"\266\0005\002\017\324f\330B\033\272\270\207Q\311\177"
	.ascii	"\0337\315\375\201\254r\317\352\236`\240\214\"\023\335"
	.ascii	"\226\255\013\375h\226\250\271l\351\016_\343\"\003\226"
	.ascii	"\270\277\336\365.\355T\327\240I\334\221\273\177?\201"
	.ascii	"w\201\304\236\316\376\350\342\304\303F\275\317788Pd"
	.ascii	"\306c\260\024\304#\3041\2008\011Dx\202\204\204\257L"
	.ascii	"\344\253\340\275\215\324\\e\275\036\323\324LP^\375m"
	.ascii	"\002\277(m>\015S\217\305qT\023-\302 \022\032\375ux\363"
	.ascii	"\346\016\307\012;\30538\220{h\036\345`\363_>(/?\300"
	.ascii	"\250\345C\271\014\224\214\325\264\345\260\035\265\\"
	.ascii	"h!O\315\210\036Q9\034\242\016\251\246c\352d\2437\327"
	.ascii	"\320^\312m\244\264~\201\271\300f\273zF\023\206DO\015"
	.ascii	"\231\3273'\302\030[\002\272/W>\270\032\3406t\215\217"
	.ascii	"\257.\272m\033\201'\300}\355V\260\357\263\037\247\243"
	.ascii	"E\024d\330\036\206\3451JR\247\361ar\362\013\267\014"
	.ascii	"\351\374\232\244W\214@\242\270\361\032\030E\213p\265"
	.ascii	"\217\345\256.\305B6'\354h\276>[\210\205\035\355\306"
	.ascii	"s\251\264\214\354\342\324\264\035\006\271\333[\262@"
	.ascii	"x\241\\\244b\231\252I\356\224\251ni\355\316\325\334"
	.ascii	"0\311+\260\360:\312W\317\315p\010Fp(.\237T\360Z\036"
	.ascii	"!\026\025X\200Jwm!\242\310v2\273\241\377\317\233\267"
	.ascii	"W|Q\221\026M}\367\214\014:\"s\302\313-\305\013kkS~r"
	.ascii	"0\310\246Uq\024\257D\361\255P\360\030\222B@?\221\351"
	.ascii	"[\361\264\270\242\353\000\016\306Mo\356\260J\225w\352"
	.ascii	"`h\377\3627\370\2513\347N\236o\275p\344t*E,\216}\351"
	.ascii	"\324\331\213\255\377\001I\013\347\027"
	.text
	.section	.gnu.lto_port_registers.8c969500,"",%progbits
	.ascii	"x\234ce`d\230\317\300\000$!`:3\343\344\316\267\215\234"
	.ascii	"}\314\363\231\031\030\033V\2644\260\000\205\016}\332"
	.ascii	"\260\234\007$\304\310\310\014\344~\235r\3632#T\305\002"
	.ascii	"\210\212\243\377\277\037\340\207\250`\002ro_|\270\032"
	.ascii	"f\306\014\210\212g\307\256w\262B\205&@\204V\364~\350"
	.ascii	"\342\266\330\326\320\321\320\3400\237\231\211Q_\206"
	.ascii	"q\015\243\014\243\201\014\343j \265\012\210W\002\361"
	.ascii	"\012 ^\316(\303\300\270\226\321\202\001\0009Z40"
	.text
	.section	.gnu.lto_.symbol_nodes.8c969500,"",%progbits
	.ascii	"x\234ce`d\220a\000\002\246\003\014\365\014\014\023\316"
	.ascii	"1\200\250]\015\216\014\014\254\366\014\215J )\000a\374"
	.ascii	"\005\243"
	.text
	.section	.gnu.lto_.refs.8c969500,"",%progbits
	.ascii	"x\234ce`d`c`\000\222\014\214L\014\000\000\251\000\021"
	.text
	.section	.gnu.lto_.decls.8c969500,"",%progbits
	.ascii	"x\234\215U{L\223W\024\277\247\267B\375\354\200T\263"
	.ascii	"\270\204d\204\340 qP\036\306-\376\345\304D\334\3144"
	.ascii	"\235\363\217\205\254)\245`3^i?3\375\357\0160\260e8d"
	.ascii	"\233\033\335\226\341\013\205\342dN\361\355Jy\010\250"
	.ascii	"\233\350\024|\320\342\2139\343\214\222ml.\206\235{\357"
	.ascii	"\327\007\214\305\335\364\334{\3179\277\363\270\347\334"
	.ascii	"\373u\026\001\362j,!\313\200\220\203\204\220I\034\024"
	.ascii	"\327}H(\"\255D\016\276\357\320\326Q2u\224\242p\016\256"
	.ascii	"\353\220LH\363\220\326h\266\001\244T\244\033HA\244!"
	.ascii	"\244>\315\317\310S\374v\242\220j>L\232\375\177\215\317"
	.ascii	"(\324~\334y1\206\352\000\367\372\315\267\273l\220\010"
	.ascii	"\3747;\315\303\014\320\012\263\211\207\3252\226 \266"
	.ascii	"5\214U\262\207\225\365\011@ '\0212\023\011x!M\250\010"
	.ascii	"\354E\263\026H$\315\014G\023k2\020\256\200=@C\3218\217"
	.ascii	"\021\037\217\004\012\003p\0350&\350\244\002\344\014"
	.ascii	"\202\004;\031\032\000BN8\026\344\2115Qx!a\210du\232"
	.ascii	"K\361\323V\210\362HB\"\315\2250\017\271\016\367MZ\003"
	.ascii	"\246\031J+\202\206\251)N\325\207\362\213.4\204\312\375"
	.ascii	"\250\361\354\230\022\204\021n\320\264\024\204\254a\267"
	.ascii	"w\302Hcy\013\300\323\267\263\306\230\321\306\3440\274"
	.ascii	"\030i\324\373w{\002q\364y\201j\035\252k\213\327\353"
	.ascii	"dI\241@\317e=m\367\002T\310\326(\360-H\331\344\204/"
	.ascii	"~\013\005\223\002:d/<<\373\325\034d\347)\220\200\354"
	.ascii	"\357\303OZ\014\363\267\211HU,A\007\353\236\205\203\330"
	.ascii	"\305\357\260\213\004\016\301|\234\017\240#\021\376\264"
	.ascii	"\277\327\225\214m\035e\276\311\356\347\032\231\257\022"
	.ascii	"\255t\034\005\355@a?d\360c~\303\273\015\373 \010\320"
	.ascii	"\006\001,B\007$\243\361\251\355\035\2351t\321{,\211"
	.ascii	"D\245a\222it\214\365\367*2+\006\310\373\307\333\367"
	.ascii	"\030\245\232\";X\335\376%\225\254\236\027\360\234\347"
	.ascii	"V\234D'\361\353\3338~>^\251\345G\250\257b\263\3638\354"
	.ascii	"\004\236\341\2708\303IPp6'\3021d\021\375\240\372\316"
	.ascii	"\250\026y>\262\373\376\014v\314\242\271\242\244#}-^"
	.ascii	"\036&U\001\336\323x\024\355\277\177\364\257g\244H\244"
	.ascii	"\375\321\370\256X\232\307\367\272\306\201!\277\036\322"
	.ascii	"\024q\331}A\317\013\237\2173\226\004\335\240\200?R\215"
	.ascii	"T\214Nj\371\243\021\271\221pf\320\205\317\206k\241\023"
	.ascii	"%>\231\\\313\256\255;b\350\247 \002\364\236\2726\254"
	.ascii	"\007%mF\353\323\323\255e\032\023\336\344\336\315\274"
	.ascii	")\275\230FO$\215n^\005\361\326\333\266tQ^\254\252\247"
	.ascii	"\273D\370\201\313{\217\033\350%\221\020\324}\342\367"
	.ascii	"\353\351\025\311x\216\37760K\326\321\200lu\327\245C"
	.ascii	"F\032\220\272;g\366W\032\350M\311\214y?\274\037G\307"
	.ascii	"$\343m\030\334M\351=\311l\276\353\251\212\245\017$s"
	.ascii	"k\342\347\303\361\364\211d\216\234\3745[\372ND\356\330"
	.ascii	"\310#\237vgG\361v(5\277t\014\003\244\244\244\314MK\303"
	.ascii	"9e\007\253\256b\276\241\376E\201\013\267kY\203\021\372"
	.ascii	"\360\360\347\360\360C07r\2743\342:d\341D\244\301\325"
	.ascii	"\267\033+}\325T\240\177\234\2166O\003\337\214\002\377"
	.ascii	"0#\370\004\367O\266\212k\310\330R=\201\213\250\277\300"
	.ascii	"\365\303XYn\200\315\200+\270\277\004)p\031\351'\244"
	.ascii	"\253H#H\327\221\256A\212x\352\262\227\227\2031\370\374"
	.ascii	"\205\341`\270\223\004\316\363\367\325\214\237WD\004"
	.ascii	"t\254\311\007\034BB\372p\306\177\004L\015;Y_\246H\371"
	.ascii	"\354\314\325\2209K\374\2005r\302\357\247\303OM/\236"
	.ascii	"?\012\335?\035}\344_\316\037G\225o`f\270p\216\335\236"
	.ascii	"\270\266k[\254\361\203\360\245\237\202%\370E1j_\303"
	.ascii	"\277\277hlUL\365Z\301\223\364\\\005G\021(\375\005\301"
	.ascii	"\024z\376\034\275\375k\357`\374\202\235l\324\207_\257"
	.ascii	"\333I\015\214\345q\010\034\226\245\2152\344\222\265"
	.ascii	"\370O3\012\013\370\345k\036\250\243\321\351p\243H:7"
	.ascii	"d:b\325\027\224\227\227\030\255o\275T\341,\263\272\035"
	.ascii	"\252\263@Y\361\372\233I\271\013\027f-\"\261\232\320"
	.ascii	"\250\255\031\366\212\012\022WQ\356R\255.G\261\323\255"
	.ascii	":\\n\375\252\334\327,\212\325\272\301Y\246\346d[\325"
	.ascii	"W\354K\362\335\233\334\305v{\276\315U\232\356\260\025"
	.ascii	"8#\033T\244;\313\354%\033\012\035\371\2456\373zg\231"
	.ascii	"#\337Z\350(\262m(Q\255\352\246\012\207;c=1\204\\-\376"
	.ascii	"\277\256p\237ou\253\205h\207\366t\231\305\242_\366\206"
	.ascii	"\305BW/\267\320\225H\271\226<\244UqY\331+\326\254\\"
	.ascii	"m]\213\201\226;\212\214\321\314\313\271K\314\2523\335"
	.ascii	"]^\244\276ks9\314\005\245\025\352;f\325\346*v\250n\263"
	.ascii	"\035\217\354\330hv\253\2459\331r.\312\312\314\331\270"
	.ascii	"\030\243\375\0039\231q)"
	.text
	.section	.gnu.lto_.symtab.8c969500,"",%progbits
	.ascii	"_Z7pin_setib\000"
	.ascii	"\000"
	.ascii	"\000"
	.ascii	"\000"
	.ascii	"\000\000\000\000\000\000\000\000"
	.ascii	"\266\000\000\000"
	.ascii	"port_registers\000"
	.ascii	"\000"
	.ascii	"\000"
	.ascii	"\000"
	.ascii	"\000\000\000\000\000\000\000\000"
	.ascii	"\340\000\000\000"
	.text
	.section	.gnu.lto_.opts,"",%progbits
	.ascii	"'-fmath-errno' '-fsigned-zeros' '-ftrapping-math' '"
	.ascii	"-fno-trapv' '-fno-openmp' '-fno-openacc' '-mcpu=cor"
	.ascii	"tex-m3' '-mthumb' '-march=armv7-m' '-mfloat-abi=sof"
	.ascii	"t' '-Os' '-Werror' '-fomit-frame-pointer' '-fdata-s"
	.ascii	"ections' '-ffunction-sections' '-fno-exceptions' '-"
	.ascii	"flto'\000"
	.text
	.comm	__gnu_lto_v1,1,1
	.comm	__gnu_lto_slim,1,1
	.ident	"GCC: (GNU) 6.2.0"
